<?xml version="1.0" encoding="UTF-8"?>
<!-- Generated by org.testng.reporters.JUnitReportReporter -->
<testsuite hostname="BLRQAVTHARAV02" name="Tests.AddingNewTest" tests="2" failures="0" timestamp="24 Jul 2016 15:39:23 GMT" time="0.170" errors="0">
  <testcase name="test" time="0.002" classname="Tests.AddingNewTest"/>
  <testcase name="clickingfb" time="0.168" classname="Tests.AddingNewTest"/>
</testsuite> <!-- Tests.AddingNewTest -->
