<?xml version="1.0" encoding="UTF-8"?>
<!-- Generated by org.testng.reporters.JUnitReportReporter -->
<testsuite hostname="BLRQAVTHARAV02" name="Tests.POM" tests="2" failures="0" timestamp="22 Jul 2016 05:15:40 GMT" time="13.151" errors="0">
  <testcase name="searchtest" time="10.405" classname="Tests.POM"/>
  <testcase name="click" time="2.746" classname="Tests.POM"/>
</testsuite> <!-- Tests.POM -->
