<?xml version="1.0" encoding="UTF-8"?>
<!-- Generated by org.testng.reporters.JUnitReportReporter -->
<testsuite hostname="BLRQAVTHARAV02" name="Tests.AddingNewTest" tests="2" failures="0" timestamp="24 Jul 2016 15:17:11 GMT" time="0.194" errors="0">
  <testcase name="test" time="0.001" classname="Tests.AddingNewTest"/>
  <testcase name="clickingfb" time="0.193" classname="Tests.AddingNewTest"/>
</testsuite> <!-- Tests.AddingNewTest -->
